Arguments: 
  /Users/zwing/.nvm/versions/node/v8.11.2/bin/node /Users/zwing/.yarn/bin/yarn.js dev

PATH: 
  /Users/zwing/.yarn/bin:/Users/zwing/.config/yarn/global/node_modules/.bin:/Users/zwing/.pyenv/shims:/Users/zwing/.pyenv/bin:/usr/local/bin:/usr/bin:/bin:/usr/sbin:/sbin:/Users/zwing/.yarn/bin:/Users/zwing/.config/yarn/global/node_modules/.bin:/Users/zwing/.pyenv/shims:/Users/zwing/.pyenv/bin:/Users/zwing/.nvm/versions/node/v8.11.2/bin:/usr/local/mysql/bin:/usr/local/mysql/bin

Yarn version: 
  1.12.3

Node version: 
  8.11.2

Platform: 
  darwin x64

Trace: 
  SyntaxError: /Users/zwing/my-project/acyort-plugins/acyort-donob-processor/package.json: Unexpected token } in JSON at position 240
      at JSON.parse (<anonymous>)
      at /Users/zwing/.yarn/lib/cli.js:1631:59
      at Generator.next (<anonymous>)
      at step (/Users/zwing/.yarn/lib/cli.js:304:30)
      at /Users/zwing/.yarn/lib/cli.js:315:13
      at <anonymous>

npm manifest: 
  {
    "name": "acyort-donob-processor",
    "version": "1.0.0",
    "main": "index.js",
    "license": "MIT",
    "dependencies": {
      "@acyort/markdown": "^1.0.1"
    },
    "scripts": {
      "dev": "export NODE_ENV=dev && nodemon ./test/index.js"
    },
  }

yarn manifest: 
  No manifest

Lockfile: 
  # THIS IS AN AUTOGENERATED FILE. DO NOT EDIT THIS FILE DIRECTLY.
  # yarn lockfile v1
  
  
  "@acyort/markdown@^1.0.1":
    version "1.0.1"
    resolved "https://registry.yarnpkg.com/@acyort/markdown/-/markdown-1.0.1.tgz#a0f8fa12766e917eef485a9de94b0bffe1a7f16e"
    integrity sha512-4B1f4INaD1gyZdOIJ2LQsI4zFO31jfnrZBYdKrbW5KdU6eEmm7sG3vjZmKc7gY5io/P3T00Li+JCacNQQ2RHew==
    dependencies:
      highlight.js "^9.12.0"
      marked "^0.5.0"
  
  highlight.js@^9.12.0:
    version "9.13.1"
    resolved "https://registry.yarnpkg.com/highlight.js/-/highlight.js-9.13.1.tgz#054586d53a6863311168488a0f58d6c505ce641e"
    integrity sha512-Sc28JNQNDzaH6PORtRLMvif9RSn1mYuOoX3omVjnb0+HbpPygU2ALBI0R/wsiqCb4/fcp07Gdo8g+fhtFrQl6A==
  
  marked@^0.5.0:
    version "0.5.2"
    resolved "https://registry.yarnpkg.com/marked/-/marked-0.5.2.tgz#3efdb27b1fd0ecec4f5aba362bddcd18120e5ba9"
    integrity sha512-fdZvBa7/vSQIZCi4uuwo2N3q+7jJURpMVCcbaX0S1Mg65WZ5ilXvC67MviJAsdjqqgD+CEq4RKo5AYGgINkVAA==
